{"timestamp":"2025-09-09T19:29:40.103221","level":"info","event":"DAG bundles loaded: dags-folder","logger":"airflow.dag_processing.bundles.manager.DagBundlesManager"}
{"timestamp":"2025-09-09T19:29:40.104487","level":"info","event":"Filling up the DagBag from /home/tahmast/airflow/dags/Combine_send_to_postgresql.py","logger":"airflow.models.dagbag.DagBag"}
{"timestamp":"2025-09-09T19:29:40.306299","level":"warning","event":"No usable rows from /home/tahmast/airflow/data/italytravel_20250909T114000.csv","logger":"airflow.utils.log.logging_mixin.LoggingMixin"}
{"timestamp":"2025-09-09T19:29:40.312308","level":"warning","event":"No usable rows from /home/tahmast/airflow/data/italytravel_20250909T115000.csv","logger":"airflow.utils.log.logging_mixin.LoggingMixin"}
{"timestamp":"2025-09-09T19:29:40.323855","level":"warning","event":"No usable rows from /home/tahmast/airflow/data/italytravel_20250909T120000.csv","logger":"airflow.utils.log.logging_mixin.LoggingMixin"}
{"timestamp":"2025-09-09T19:29:40.382462","level":"warning","event":"No usable rows from /home/tahmast/airflow/data/italytravel_20250909T133000.csv","logger":"airflow.utils.log.logging_mixin.LoggingMixin"}
{"timestamp":"2025-09-09T19:29:40.420957","level":"warning","event":"No usable rows from /home/tahmast/airflow/data/italytravel_20250909T134000.csv","logger":"airflow.utils.log.logging_mixin.LoggingMixin"}
{"timestamp":"2025-09-09T19:29:40.428722","level":"warning","event":"No usable rows from /home/tahmast/airflow/data/italytravel_20250909T135000.csv","logger":"airflow.utils.log.logging_mixin.LoggingMixin"}
{"timestamp":"2025-09-09T19:29:40.438638","level":"warning","event":"No usable rows from /home/tahmast/airflow/data/italytravel_20250909T140000.csv","logger":"airflow.utils.log.logging_mixin.LoggingMixin"}
{"timestamp":"2025-09-09T19:29:40.488829","level":"warning","event":"No usable rows from /home/tahmast/airflow/data/italytravel_20250909T141000.csv","logger":"airflow.utils.log.logging_mixin.LoggingMixin"}
{"timestamp":"2025-09-09T19:29:40.519503","level":"warning","event":"No usable rows from /home/tahmast/airflow/data/italytravel_20250909T143000.csv","logger":"airflow.utils.log.logging_mixin.LoggingMixin"}
{"timestamp":"2025-09-09T19:29:40.561379","level":"warning","event":"No usable rows from /home/tahmast/airflow/data/italytravel_20250909T144000.csv","logger":"airflow.utils.log.logging_mixin.LoggingMixin"}
{"timestamp":"2025-09-09T19:29:40.577527","level":"warning","event":"No usable rows from /home/tahmast/airflow/data/italytravel_20250909T150000.csv","logger":"airflow.utils.log.logging_mixin.LoggingMixin"}
{"timestamp":"2025-09-09T19:29:40.648753","level":"warning","event":"No usable rows from /home/tahmast/airflow/data/italytravel_20250909T151000.csv","logger":"airflow.utils.log.logging_mixin.LoggingMixin"}
{"timestamp":"2025-09-09T19:29:40.658228","level":"warning","event":"No usable rows from /home/tahmast/airflow/data/italytravel_20250909T152000.csv","logger":"airflow.utils.log.logging_mixin.LoggingMixin"}
{"timestamp":"2025-09-09T19:29:40.669197","level":"warning","event":"No usable rows from /home/tahmast/airflow/data/italytravel_20250909T153000.csv","logger":"airflow.utils.log.logging_mixin.LoggingMixin"}
{"timestamp":"2025-09-09T19:29:40.684684","level":"warning","event":"No usable rows from /home/tahmast/airflow/data/italytravel_20250909T154000.csv","logger":"airflow.utils.log.logging_mixin.LoggingMixin"}
{"timestamp":"2025-09-09T19:29:40.705298","level":"warning","event":"No usable rows from /home/tahmast/airflow/data/italytravel_20250909T160000.csv","logger":"airflow.utils.log.logging_mixin.LoggingMixin"}
{"timestamp":"2025-09-09T19:29:40.711493","level":"warning","event":"No usable rows from /home/tahmast/airflow/data/italytravel_20250909T161000.csv","logger":"airflow.utils.log.logging_mixin.LoggingMixin"}
{"timestamp":"2025-09-09T19:29:40.726543","level":"warning","event":"No usable rows from /home/tahmast/airflow/data/italytravel_20250909T162000.csv","logger":"airflow.utils.log.logging_mixin.LoggingMixin"}
{"timestamp":"2025-09-09T19:29:40.741507","level":"warning","event":"No usable rows from /home/tahmast/airflow/data/italytravel_20250909T163000.csv","logger":"airflow.utils.log.logging_mixin.LoggingMixin"}
{"timestamp":"2025-09-09T19:29:40.745622","level":"warning","event":"No usable rows from /home/tahmast/airflow/data/italytravel_20250909T164000.csv","logger":"airflow.utils.log.logging_mixin.LoggingMixin"}
{"timestamp":"2025-09-09T19:29:40.749467","level":"warning","event":"No usable rows from /home/tahmast/airflow/data/italytravel_20250909T165000.csv","logger":"airflow.utils.log.logging_mixin.LoggingMixin"}
{"timestamp":"2025-09-09T19:29:40.762411","level":"warning","event":"No usable rows from /home/tahmast/airflow/data/italytravel_20250909T170000.csv","logger":"airflow.utils.log.logging_mixin.LoggingMixin"}
{"timestamp":"2025-09-09T19:29:40.793006","level":"warning","event":"No usable rows from /home/tahmast/airflow/data/italytravel_20250909T171505.csv","logger":"airflow.utils.log.logging_mixin.LoggingMixin"}
{"timestamp":"2025-09-09T19:29:40.804491","level":"warning","event":"No usable rows from /home/tahmast/airflow/data/italytravel_20250909T172000.csv","logger":"airflow.utils.log.logging_mixin.LoggingMixin"}
{"timestamp":"2025-09-09T19:29:40.828809","level":"warning","event":"No usable rows from /home/tahmast/airflow/data/italytravel_20250909T174000.csv","logger":"airflow.utils.log.logging_mixin.LoggingMixin"}
{"timestamp":"2025-09-09T19:29:40.836844","level":"warning","event":"No usable rows from /home/tahmast/airflow/data/italytravel_20250909T175000.csv","logger":"airflow.utils.log.logging_mixin.LoggingMixin"}
{"timestamp":"2025-09-09T19:29:40.838284","level":"warning","event":"No usable rows from /home/tahmast/airflow/data/italytravel_20250909T180000.csv","logger":"airflow.utils.log.logging_mixin.LoggingMixin"}
{"timestamp":"2025-09-09T19:29:40.854099","level":"warning","event":"No usable rows from /home/tahmast/airflow/data/italytravel_20250909T181715.csv","logger":"airflow.utils.log.logging_mixin.LoggingMixin"}
{"timestamp":"2025-09-09T19:29:40.855694","level":"warning","event":"No usable rows from /home/tahmast/airflow/data/italytravel_20250909T183000.csv","logger":"airflow.utils.log.logging_mixin.LoggingMixin"}
{"timestamp":"2025-09-09T19:29:40.872873","level":"warning","event":"No usable rows from /home/tahmast/airflow/data/italytravel_20250909T184000.csv","logger":"airflow.utils.log.logging_mixin.LoggingMixin"}
{"timestamp":"2025-09-09T19:29:40.899025","level":"warning","event":"No usable rows from /home/tahmast/airflow/data/italytravel_combined_20250909T142241.csv","logger":"airflow.utils.log.logging_mixin.LoggingMixin"}
{"timestamp":"2025-09-09T19:29:40.911852","level":"warning","event":"No usable rows from /home/tahmast/airflow/data/italytravel_combined_20250909T150500.csv","logger":"airflow.utils.log.logging_mixin.LoggingMixin"}
{"timestamp":"2025-09-09T19:29:40.917895","level":"warning","event":"No usable rows from /home/tahmast/airflow/data/italytravel_combined_20250909T151429.csv","logger":"airflow.utils.log.logging_mixin.LoggingMixin"}
{"timestamp":"2025-09-09T19:29:40.931170","level":"warning","event":"No usable rows from /home/tahmast/airflow/data/italytravel_combined_20250909T152046.csv","logger":"airflow.utils.log.logging_mixin.LoggingMixin"}
{"timestamp":"2025-09-09T19:29:40.945172","level":"warning","event":"No usable rows from /home/tahmast/airflow/data/italytravel_combined_20250909T160501.csv","logger":"airflow.utils.log.logging_mixin.LoggingMixin"}
{"timestamp":"2025-09-09T19:29:40.958409","level":"warning","event":"No usable rows from /home/tahmast/airflow/data/italytravel_combined_20250909T170501.csv","logger":"airflow.utils.log.logging_mixin.LoggingMixin"}
{"timestamp":"2025-09-09T19:29:40.972324","level":"warning","event":"No usable rows from /home/tahmast/airflow/data/italytravel_combined_20250909T180500.csv","logger":"airflow.utils.log.logging_mixin.LoggingMixin"}
{"timestamp":"2025-09-09T19:29:40.992416","level":"info","event":"Combined 24 rows into /home/tahmast/airflow/data/combined/italytravel_combined_20250909T192940.csv; moved 11 source files to loaded/ (and 37 skipped).","logger":"airflow.utils.log.logging_mixin.LoggingMixin"}
{"timestamp":"2025-09-09T19:29:40.992936","level":"info","event":"Done. Returned value was: /home/tahmast/airflow/data/combined/italytravel_combined_20250909T192940.csv","logger":"airflow.task.operators.airflow.providers.standard.operators.python.PythonOperator"}
{"timestamp":"2025-09-09T19:29:40.993543Z","level":"info","event":"/home/tahmast/airflow/data/combined/italytravel_combined_20250909T192940.csv","chan":"stdout","logger":"task"}
{"timestamp":"2025-09-09T19:29:40.993601","level":"info","event":"Pushing xcom","ti":"RuntimeTaskInstance(id=UUID('01992ff4-8239-7915-81f5-712723752b44'), task_id='combine_csvs', dag_id='Sending_to_the_PostgreSQL', run_id='manual__2025-09-09T19:29:37.276614+00:00', try_number=1, map_index=-1, hostname='tahmast-HP-ProBook-450-G0', context_carrier=None, task=<Task(PythonOperator): combine_csvs>, bundle_instance=LocalDagBundle(name=dags-folder), max_tries=1, start_date=datetime.datetime(2025, 9, 9, 19, 29, 38, 267230, tzinfo=datetime.timezone.utc), end_date=None, state=<TaskInstanceState.RUNNING: 'running'>, is_mapped=False, rendered_map_index=None, log_url='http://localhost:8080/dags/Sending_to_the_PostgreSQL/runs/manual__2025-09-09T19%3A29%3A37.276614%2B00%3A00/tasks/combine_csvs?try_number=1')","logger":"task"}
